<?xml version="1.0" encoding="UTF-8"?>
<!-- Generated by org.testng.reporters.JUnitReportReporter -->
<testsuite hostname="Administrator" name="abc.TestUpload" tests="1" failures="0" timestamp="31 Aug 2017 01:01:13 GMT" time="109.285" errors="0">
  <testcase name="testUpdateFile" time="109.285" classname="abc.TestUpload"/>
</testsuite> <!-- abc.TestUpload -->
