<?xml version="1.0" encoding="UTF-8"?>
<!-- Generated by org.testng.reporters.JUnitReportReporter -->
<testsuite hostname="Administrator" name="abc.TestStringformat" tests="1" failures="0" timestamp="31 Aug 2017 01:10:24 GMT" time="26.529" errors="0">
  <testcase name="Stringformat" time="26.529" classname="abc.TestStringformat"/>
</testsuite> <!-- abc.TestStringformat -->
