<?xml version="1.0" encoding="UTF-8"?>
<!-- Generated by org.testng.reporters.JUnitReportReporter -->
<testsuite hostname="Administrator" name="abc.TestWindows" tests="1" failures="0" timestamp="21 May 2017 03:22:10 GMT" time="27.479" errors="0">
  <testcase name="windows" time="27.479" classname="abc.TestWindows"/>
</testsuite> <!-- abc.TestWindows -->
