<?xml version="1.0" encoding="UTF-8"?>
<!-- Generated by org.testng.reporters.JUnitReportReporter -->
<testsuite hostname="Administrator" name="abc.TestKeyBoard" tests="1" failures="0" timestamp="1 Sep 2017 04:54:02 GMT" time="28.945" errors="0">
  <testcase name="keyBoard" time="28.945" classname="abc.TestKeyBoard"/>
</testsuite> <!-- abc.TestKeyBoard -->
