<?xml version="1.0" encoding="UTF-8"?>
<!-- Generated by org.testng.reporters.JUnitReportReporter -->
<testsuite hostname="Administrator" name="abc.TestScreenCapture" tests="1" failures="0" timestamp="2 Sep 2017 06:06:00 GMT" time="37.072" errors="0">
  <testcase name="testScreenCaptrue" time="37.072" classname="abc.TestScreenCapture"/>
</testsuite> <!-- abc.TestScreenCapture -->
