<?xml version="1.0" encoding="UTF-8"?>
<!-- Generated by org.testng.reporters.JUnitReportReporter -->
<testsuite hostname="Administrator" name="abc.TestJScript" tests="1" failures="0" timestamp="1 Sep 2017 04:55:17 GMT" time="28.469" errors="0">
  <testcase name="jscript" time="28.469" classname="abc.TestJScript"/>
</testsuite> <!-- abc.TestJScript -->
