<?xml version="1.0" encoding="UTF-8"?>
<!-- Generated by org.testng.reporters.JUnitReportReporter -->
<testsuite hostname="Administrator" name="abc.TestDataDrive" tests="1" failures="0" timestamp="30 May 2017 07:18:44 GMT" time="21.995" errors="0">
  <testcase name="dataDrive" time="21.995" classname="abc.TestDataDrive"/>
</testsuite> <!-- abc.TestDataDrive -->
