<?xml version="1.0" encoding="UTF-8"?>
<!-- Generated by org.testng.reporters.JUnitReportReporter -->
<testsuite hostname="Administrator" name="abc.TestAlert" tests="1" failures="0" timestamp="13 May 2017 16:53:31 GMT" time="21.084" errors="0">
  <testcase name="testAlert" time="21.084" classname="abc.TestAlert"/>
</testsuite> <!-- abc.TestAlert -->
