<?xml version="1.0" encoding="UTF-8"?>
<!-- Generated by org.testng.reporters.JUnitReportReporter -->
<testsuite hostname="Administrator" name="abc.TestWindows" tests="1" failures="0" timestamp="31 Aug 2017 01:04:06 GMT" time="27.290" errors="0">
  <testcase name="windows" time="27.290" classname="abc.TestWindows"/>
</testsuite> <!-- abc.TestWindows -->
