<?xml version="1.0" encoding="UTF-8"?>
<!-- Generated by org.testng.reporters.JUnitReportReporter -->
<testsuite hostname="Administrator" name="abc.TestKeyBoard" tests="1" failures="0" timestamp="21 May 2017 03:22:10 GMT" time="25.836" errors="0">
  <testcase name="keyBoard" time="25.836" classname="abc.TestKeyBoard"/>
</testsuite> <!-- abc.TestKeyBoard -->
