<?xml version="1.0" encoding="UTF-8"?>
<!-- Generated by org.testng.reporters.JUnitReportReporter -->
<testsuite hostname="Administrator" name="abc.TestScrollBy" tests="1" failures="0" timestamp="20 May 2017 04:33:45 GMT" time="30.670" errors="0">
  <testcase name="ScrollBy" time="30.670" classname="abc.TestScrollBy"/>
</testsuite> <!-- abc.TestScrollBy -->
