<?xml version="1.0" encoding="UTF-8"?>
<!-- Generated by org.testng.reporters.JUnitReportReporter -->
<testsuite hostname="Administrator" name="abc.TestCanvas" tests="1" failures="0" timestamp="14 May 2017 04:50:20 GMT" time="25.389" errors="0">
  <testcase name="canvas" time="25.389" classname="abc.TestCanvas"/>
</testsuite> <!-- abc.TestCanvas -->
