<?xml version="1.0" encoding="UTF-8"?>
<!-- Generated by org.testng.reporters.JUnitReportReporter -->
<testsuite hostname="Administrator" name="abc.TestStringformat" tests="1" failures="0" timestamp="20 May 2017 06:35:57 GMT" time="24.849" errors="0">
  <testcase name="Stringformat" time="24.849" classname="abc.TestStringformat"/>
</testsuite> <!-- abc.TestStringformat -->
