<?xml version="1.0" encoding="UTF-8"?>
<!-- Generated by org.testng.reporters.JUnitReportReporter -->
<testsuite hostname="Administrator" name="abc.TestAlert" tests="1" failures="0" timestamp="21 May 2017 03:22:10 GMT" time="19.641" errors="0">
  <testcase name="testAlert" time="19.641" classname="abc.TestAlert"/>
</testsuite> <!-- abc.TestAlert -->
