<?xml version="1.0" encoding="UTF-8"?>
<!-- Generated by org.testng.reporters.JUnitReportReporter -->
<testsuite hostname="Administrator" name="abc.TestActions" tests="1" failures="0" timestamp="13 May 2017 17:35:19 GMT" time="25.799" errors="0">
  <testcase name="testActions" time="25.799" classname="abc.TestActions"/>
</testsuite> <!-- abc.TestActions -->
