<?xml version="1.0" encoding="UTF-8"?>
<!-- Generated by org.testng.reporters.JUnitReportReporter -->
<testsuite hostname="Administrator" name="abc.TestInterFace" tests="1" failures="0" timestamp="20 May 2017 03:42:40 GMT" time="28.953" errors="0">
  <testcase name="login" time="28.953" classname="abc.TestInterFace"/>
</testsuite> <!-- abc.TestInterFace -->
