<?xml version="1.0" encoding="UTF-8"?>
<!-- Generated by org.testng.reporters.JUnitReportReporter -->
<testsuite hostname="Administrator" name="abc.TestDataBase" tests="1" failures="0" timestamp="2 Sep 2017 05:59:17 GMT" time="39.065" errors="0">
  <testcase name="dataBase" time="39.065" classname="abc.TestDataBase"/>
</testsuite> <!-- abc.TestDataBase -->
