<?xml version="1.0" encoding="UTF-8"?>
<!-- Generated by org.testng.reporters.JUnitReportReporter -->
<testsuite hostname="Administrator" name="abc.TestScrollBy" tests="1" failures="0" timestamp="21 May 2017 03:22:10 GMT" time="28.559" errors="0">
  <testcase name="ScrollBy" time="28.559" classname="abc.TestScrollBy"/>
</testsuite> <!-- abc.TestScrollBy -->
