<?xml version="1.0" encoding="UTF-8"?>
<!-- Generated by org.testng.reporters.JUnitReportReporter -->
<testsuite hostname="Administrator" name="abc.TestSelect" tests="1" failures="0" timestamp="21 May 2017 03:22:10 GMT" time="20.996" errors="0">
  <testcase name="test" time="20.996" classname="abc.TestSelect"/>
</testsuite> <!-- abc.TestSelect -->
