<?xml version="1.0" encoding="UTF-8"?>
<!-- Generated by org.testng.reporters.JUnitReportReporter -->
<testsuite hostname="Administrator" name="abc.TestSelect" tests="1" failures="0" timestamp="31 Aug 2017 04:54:30 GMT" time="58.664" errors="0">
  <testcase name="test" time="58.664" classname="abc.TestSelect"/>
</testsuite> <!-- abc.TestSelect -->
