<?xml version="1.0" encoding="UTF-8"?>
<!-- Generated by org.testng.reporters.JUnitReportReporter -->
<testsuite hostname="Administrator" name="abc.TestActions" tests="1" failures="0" timestamp="21 May 2017 03:22:10 GMT" time="49.680" errors="0">
  <testcase name="testActions" time="49.680" classname="abc.TestActions"/>
</testsuite> <!-- abc.TestActions -->
