<?xml version="1.0" encoding="UTF-8"?>
<!-- Generated by org.testng.reporters.JUnitReportReporter -->
<testsuite hostname="Administrator" name="abc.TestCanvas" tests="1" failures="0" timestamp="21 May 2017 03:22:10 GMT" time="28.491" errors="0">
  <testcase name="canvas" time="28.491" classname="abc.TestCanvas"/>
</testsuite> <!-- abc.TestCanvas -->
