<?xml version="1.0" encoding="UTF-8"?>
<!-- Generated by org.testng.reporters.JUnitReportReporter -->
<testsuite hostname="Administrator" name="abc.TestPageFactory" tests="1" failures="0" timestamp="17 May 2017 15:41:37 GMT" time="25.616" errors="0">
  <testcase name="Pagefactory" time="25.616" classname="abc.TestPageFactory"/>
</testsuite> <!-- abc.TestPageFactory -->
