<?xml version="1.0" encoding="UTF-8"?>
<!-- Generated by org.testng.reporters.JUnitReportReporter -->
<testsuite hostname="Administrator" name="abc.TestStringformat" tests="1" failures="0" timestamp="21 May 2017 03:22:10 GMT" time="22.634" errors="0">
  <testcase name="Stringformat" time="22.634" classname="abc.TestStringformat"/>
</testsuite> <!-- abc.TestStringformat -->
