<?xml version="1.0" encoding="UTF-8"?>
<!-- Generated by org.testng.reporters.JUnitReportReporter -->
<testsuite hostname="Administrator" name="abc.TestScrollBy" tests="1" failures="0" timestamp="13 May 2017 18:27:24 GMT" time="34.341" errors="0">
  <testcase name="ScrollBy" time="34.341" classname="abc.TestScrollBy"/>
</testsuite> <!-- abc.TestScrollBy -->
