<?xml version="1.0" encoding="UTF-8"?>
<!-- Generated by org.testng.reporters.JUnitReportReporter -->
<testsuite hostname="Administrator" name="abc.TestDataBase" tests="1" failures="0" timestamp="27 Jul 2017 00:35:31 GMT" time="70.312" errors="0">
  <testcase name="dataBase" time="70.312" classname="abc.TestDataBase"/>
</testsuite> <!-- abc.TestDataBase -->
