<?xml version="1.0" encoding="UTF-8"?>
<!-- Generated by org.testng.reporters.JUnitReportReporter -->
<testsuite hostname="Administrator" name="abc.TestDataDrive" tests="1" failures="0" timestamp="2 Sep 2017 06:02:04 GMT" time="41.751" errors="0">
  <testcase name="dataDrive" time="41.751" classname="abc.TestDataDrive"/>
</testsuite> <!-- abc.TestDataDrive -->
