<?xml version="1.0" encoding="UTF-8"?>
<!-- Generated by org.testng.reporters.JUnitReportReporter -->
<testsuite hostname="Administrator" name="abc.TestScreenCapture" tests="1" failures="0" timestamp="20 Jul 2017 00:48:27 GMT" time="10.279" errors="0">
  <testcase name="testScreenCaptrue" time="10.279" classname="abc.TestScreenCapture"/>
</testsuite> <!-- abc.TestScreenCapture -->
