<?xml version="1.0" encoding="UTF-8"?>
<!-- Generated by org.testng.reporters.JUnitReportReporter -->
<testsuite hostname="Administrator" name="abc.TestPageFactory" tests="1" failures="0" timestamp="1 Sep 2017 04:52:09 GMT" time="24.545" errors="0">
  <testcase name="Pagefactory" time="24.545" classname="abc.TestPageFactory"/>
</testsuite> <!-- abc.TestPageFactory -->
