<?xml version="1.0" encoding="UTF-8"?>
<!-- Generated by org.testng.reporters.JUnitReportReporter -->
<testsuite hostname="Administrator" name="abc.TestCanvas" tests="1" failures="0" timestamp="2 Sep 2017 05:55:39 GMT" time="36.794" errors="0">
  <testcase name="canvas" time="36.794" classname="abc.TestCanvas"/>
</testsuite> <!-- abc.TestCanvas -->
