<?xml version="1.0" encoding="UTF-8"?>
<!-- Generated by org.testng.reporters.JUnitReportReporter -->
<testsuite hostname="Administrator" name="abc.TestDownLoad" tests="1" failures="0" timestamp="2 Sep 2017 05:39:10 GMT" time="86.601" errors="0">
  <testcase name="downLoad" time="86.601" classname="abc.TestDownLoad"/>
</testsuite> <!-- abc.TestDownLoad -->
