<?xml version="1.0" encoding="UTF-8"?>
<!-- Generated by org.testng.reporters.JUnitReportReporter -->
<testsuite hostname="Administrator" name="abc.TestInterFace" tests="1" failures="0" timestamp="21 May 2017 03:22:10 GMT" time="23.740" errors="0">
  <testcase name="login" time="23.740" classname="abc.TestInterFace"/>
</testsuite> <!-- abc.TestInterFace -->
