<?xml version="1.0" encoding="UTF-8"?>
<!-- Generated by org.testng.reporters.JUnitReportReporter -->
<testsuite hostname="Administrator" name="abc.TestScrollBy" tests="1" failures="0" timestamp="1 Sep 2017 02:39:23 GMT" time="25.742" errors="0">
  <testcase name="ScrollBy" time="25.742" classname="abc.TestScrollBy"/>
</testsuite> <!-- abc.TestScrollBy -->
