<?xml version="1.0" encoding="UTF-8"?>
<!-- Generated by org.testng.reporters.JUnitReportReporter -->
<testsuite hostname="Administrator" name="abc.TestKeyBoard" tests="1" failures="0" timestamp="14 May 2017 04:16:20 GMT" time="23.751" errors="0">
  <testcase name="keyBoard" time="23.751" classname="abc.TestKeyBoard"/>
</testsuite> <!-- abc.TestKeyBoard -->
