<?xml version="1.0" encoding="UTF-8"?>
<!-- Generated by org.testng.reporters.JUnitReportReporter -->
<testsuite hostname="Administrator" name="abc.TestActions" tests="1" failures="0" timestamp="2 Sep 2017 05:53:21 GMT" time="37.797" errors="0">
  <testcase name="testActions" time="37.797" classname="abc.TestActions"/>
</testsuite> <!-- abc.TestActions -->
