<?xml version="1.0" encoding="UTF-8"?>
<!-- Generated by org.testng.reporters.JUnitReportReporter -->
<testsuite hostname="Administrator" name="abc.TestPageFactory" tests="1" failures="0" timestamp="21 May 2017 03:22:10 GMT" time="37.220" errors="0">
  <testcase name="Pagefactory" time="37.220" classname="abc.TestPageFactory"/>
</testsuite> <!-- abc.TestPageFactory -->
