<?xml version="1.0" encoding="UTF-8"?>
<!-- Generated by org.testng.reporters.JUnitReportReporter -->
<testsuite hostname="Administrator" name="abc.TestScreenCapture" tests="1" failures="0" timestamp="27 Jul 2017 00:40:47 GMT" time="36.122" errors="0">
  <testcase name="testScreenCaptrue" time="36.122" classname="abc.TestScreenCapture"/>
</testsuite> <!-- abc.TestScreenCapture -->
