<?xml version="1.0" encoding="UTF-8"?>
<!-- Generated by org.testng.reporters.JUnitReportReporter -->
<testsuite hostname="Administrator" name="abc.TestWindows" tests="1" failures="0" timestamp="14 May 2017 04:25:59 GMT" time="26.165" errors="0">
  <testcase name="windows" time="26.165" classname="abc.TestWindows"/>
</testsuite> <!-- abc.TestWindows -->
