<?xml version="1.0" encoding="UTF-8"?>
<!-- Generated by org.testng.reporters.JUnitReportReporter -->
<testsuite hostname="Administrator" name="abc.TestAlert" tests="1" failures="0" timestamp="2 Sep 2017 05:54:47 GMT" time="23.381" errors="0">
  <testcase name="testAlert" time="23.381" classname="abc.TestAlert"/>
</testsuite> <!-- abc.TestAlert -->
