<?xml version="1.0" encoding="UTF-8"?>
<!-- Generated by org.testng.reporters.JUnitReportReporter -->
<testsuite hostname="Administrator" name="abc.TestJScript" tests="1" failures="0" timestamp="14 May 2017 03:43:17 GMT" time="28.104" errors="0">
  <testcase name="jscript" time="28.104" classname="abc.TestJScript"/>
</testsuite> <!-- abc.TestJScript -->
