<?xml version="1.0" encoding="UTF-8"?>
<!-- Generated by org.testng.reporters.JUnitReportReporter -->
<testsuite hostname="Administrator" name="abc.TestOutputFiles" tests="1" failures="0" timestamp="2 Sep 2017 09:38:52 GMT" time="42.337" errors="0">
  <testcase name="testOutputFiles" time="42.337" classname="abc.TestOutputFiles"/>
</testsuite> <!-- abc.TestOutputFiles -->
